<?xml version="1.0" encoding="UTF-8"?>
<testsuite name="fr.racomach.ApplicationTest" tests="1" skipped="0" failures="0" errors="0" timestamp="2022-01-28T13:50:39" hostname="MacBook-Pro.local" time="0.395">
  <properties/>
  <testcase name="testRoot" classname="fr.racomach.ApplicationTest" time="0.395"/>
  <system-out><![CDATA[2022-01-28 14:50:40.032 [Test worker] DEBUG ktor.test - Java Home: /Library/Java/JavaVirtualMachines/openjdk-14.0.1.jdk/Contents
2022-01-28 14:50:40.035 [Test worker] DEBUG ktor.test - Class Loader: jdk.internal.loader.ClassLoaders$AppClassLoader@55054057: [file:/Users/martial/.gradle/caches/modules-2/files-2.1/ch.qos.logback/logback-classic/1.2.9/7d495522b08a9a66084bf417e70eedf95ef706bc/logback-classic-1.2.9.jar!/ch, file:/Users/martial/.gradle/caches/modules-2/files-2.1/ch.qos.logback/logback-core/1.2.9/cdaca0cf922c5791a8efa0063ec714ca974affe3/logback-core-1.2.9.jar!/ch, /Users/martial/Documents/workspace/zigwheelo/server/build/classes/kotlin/test/fr, /Users/martial/Documents/workspace/zigwheelo/server/build/classes/kotlin/main/fr, file:/Users/martial/.gradle/caches/modules-2/files-2.1/junit/junit/4.13.2/8ac9e16d933b6fb43bc7f576336b8f4d7eb5ba12/junit-4.13.2.jar!/junit, file:/Users/martial/.gradle/caches/modules-2/files-2.1/org.slf4j/slf4j-api/1.7.32/cdcff33940d9f2de763bc41ea05a0be5941176c3/slf4j-api-1.7.32.jar!/org, file:/Users/martial/.gradle/caches/modules-2/files-2.1/org.jetbrains/annotations/13.0/919f0dfe192fb4e063e7dacadee7f8bb9a2672a9/annotations-13.0.jar!/org, file:/Users/martial/.gradle/caches/modules-2/files-2.1/org.fusesource.jansi/jansi/2.3.4/d924b796e05ff6924df34bc97404131f0c4b46b0/jansi-2.3.4.jar!/org, file:/Users/martial/.gradle/caches/modules-2/files-2.1/org.hamcrest/hamcrest-core/1.3/42a25dc3219429f0e5d060061f71acb49bf010a0/hamcrest-core-1.3.jar!/org, file:/Users/martial/.gradle/caches/modules-2/files-2.1/org.eclipse.jetty.http2/http2-http-client-transport/9.4.44.v20210927/64d1c8481979a9764000433ccda668b0dca1fd25/http2-http-client-transport-9.4.44.v20210927.jar!/org, file:/Users/martial/.gradle/caches/modules-2/files-2.1/org.eclipse.jetty.http2/http2-client/9.4.44.v20210927/d2783eb9a9ba483fb577ab734bc11ed64b5fc1d2/http2-client-9.4.44.v20210927.jar!/org, file:/Users/martial/.gradle/caches/modules-2/files-2.1/org.eclipse.jetty/jetty-client/9.4.44.v20210927/d8b2c13ec103d12cdc575dc1bfea155dea59e1e/jetty-client-9.4.44.v20210927.jar!/org, file:/Users/martial/.gradle/caches/modules-2/files-2.1/org.eclipse.jetty.http2/http2-common/9.4.44.v20210927/568516e62ab7d118fcbcd00ad3e4a33ca23490b/http2-common-9.4.44.v20210927.jar!/org, file:/Users/martial/.gradle/caches/modules-2/files-2.1/org.eclipse.jetty/jetty-alpn-openjdk8-client/9.4.44.v20210927/c1393e21459bb757c575dfa4224735ca80f4629e/jetty-alpn-openjdk8-client-9.4.44.v20210927.jar!/org, file:/Users/martial/.gradle/caches/modules-2/files-2.1/org.eclipse.jetty/jetty-alpn-java-client/9.4.44.v20210927/a8cbcc7a550140332f0ecd16f50fde5490b06e9e/jetty-alpn-java-client-9.4.44.v20210927.jar!/org, file:/Users/martial/.gradle/caches/modules-2/files-2.1/org.eclipse.jetty/jetty-alpn-client/9.4.44.v20210927/f830651e636bfe8fcf5c55c421441ff3cc2e85d7/jetty-alpn-client-9.4.44.v20210927.jar!/org, file:/Users/martial/.gradle/caches/modules-2/files-2.1/org.eclipse.jetty.http2/http2-hpack/9.4.44.v20210927/e71c82798665804538e1248ea6e6a901e3d0939b/http2-hpack-9.4.44.v20210927.jar!/org, file:/Users/martial/.gradle/caches/modules-2/files-2.1/org.eclipse.jetty/jetty-http/9.4.44.v20210927/37f0e30cdc02128e40d095ad63cb18e10ecb7726/jetty-http-9.4.44.v20210927.jar!/org, file:/Users/martial/.gradle/caches/modules-2/files-2.1/org.eclipse.jetty/jetty-io/9.4.44.v20210927/a2ec01e2b5552b777a3d7085163f80756ef8c1ce/jetty-io-9.4.44.v20210927.jar!/org, file:/Users/martial/.gradle/caches/modules-2/files-2.1/org.eclipse.jetty/jetty-util/9.4.44.v20210927/3c7151c5a04a93119988b48a1577a972d90f8990/jetty-util-9.4.44.v20210927.jar!/org, file:/Users/martial/.gradle/caches/modules-2/files-2.1/io.ktor/ktor-server-test-host-jvm/2.0.0-beta-1/8702264f33b52e43cd5505d67dba349edace93f5/ktor-server-test-host-jvm-2.0.0-beta-1.jar!/io, file:/Users/martial/.gradle/caches/modules-2/files-2.1/io.ktor/ktor-server-call-id-jvm/2.0.0-beta-1/797274a92d62ac54890ab0ab8f336e709de3d7c6/ktor-server-call-id-jvm-2.0.0-beta-1.jar!/io, file:/Users/martial/.gradle/caches/modules-2/files-2.1/io.ktor/ktor-server-call-logging-jvm/2.0.0-beta-1/850bf8a7178d60191a593931d182bde2a50fa6e0/ktor-server-call-logging-jvm-2.0.0-beta-1.jar!/io, file:/Users/martial/.gradle/caches/modules-2/files-2.1/io.ktor/ktor-server-content-negotiation-jvm/2.0.0-beta-1/d7ec7f54d04fa621ad6371cbdfed1d3d2227c953/ktor-server-content-negotiation-jvm-2.0.0-beta-1.jar!/io, file:/Users/martial/.gradle/caches/modules-2/files-2.1/io.ktor/ktor-server-cio-jvm/2.0.0-beta-1/70a068906791057ab2e973bf1bbfb4802a71779/ktor-server-cio-jvm-2.0.0-beta-1.jar!/io, file:/Users/martial/.gradle/caches/modules-2/files-2.1/io.ktor/ktor-server-host-common-jvm/2.0.0-beta-1/a14a4239ae52ad189d81a69e920e9f61e90ff7af/ktor-server-host-common-jvm-2.0.0-beta-1.jar!/io, file:/Users/martial/.gradle/caches/modules-2/files-2.1/io.ktor/ktor-server-auto-head-response-jvm/2.0.0-beta-1/c0b36c08f05d286f082fff8ddd47c9ae7ea90272/ktor-server-auto-head-response-jvm-2.0.0-beta-1.jar!/io, file:/Users/martial/.gradle/caches/modules-2/files-2.1/io.ktor/ktor-server-caching-headers-jvm/2.0.0-beta-1/1f4db521f3c4ba3608eec2ce8c976347eebcf37c/ktor-server-caching-headers-jvm-2.0.0-beta-1.jar!/io, file:/Users/martial/.gradle/caches/modules-2/files-2.1/io.ktor/ktor-server-compression-jvm/2.0.0-beta-1/b0e6004219490d81adc80883a104a2696a54fef7/ktor-server-compression-jvm-2.0.0-beta-1.jar!/io, file:/Users/martial/.gradle/caches/modules-2/files-2.1/io.ktor/ktor-server-partial-content-jvm/2.0.0-beta-1/35f71e8cc97c503d6213710383a80cbe65f39108/ktor-server-partial-content-jvm-2.0.0-beta-1.jar!/io, file:/Users/martial/.gradle/caches/modules-2/files-2.1/io.ktor/ktor-server-conditional-headers-jvm/2.0.0-beta-1/78933d08abdb36d04116ca6cd13d3ab9f82f41e8/ktor-server-conditional-headers-jvm-2.0.0-beta-1.jar!/io, file:/Users/martial/.gradle/caches/modules-2/files-2.1/io.ktor/ktor-server-cors-jvm/2.0.0-beta-1/5bd87d925dce3bf57f6ab863decf198bdfadca5d/ktor-server-cors-jvm-2.0.0-beta-1.jar!/io, file:/Users/martial/.gradle/caches/modules-2/files-2.1/io.ktor/ktor-server-data-conversion-jvm/2.0.0-beta-1/ffc912e6c03f030a41786308ea30282a4326db46/ktor-server-data-conversion-jvm-2.0.0-beta-1.jar!/io, file:/Users/martial/.gradle/caches/modules-2/files-2.1/io.ktor/ktor-server-default-headers-jvm/2.0.0-beta-1/7bfe311cf8427926924eb1c08a236a1c14b24637/ktor-server-default-headers-jvm-2.0.0-beta-1.jar!/io, file:/Users/martial/.gradle/caches/modules-2/files-2.1/io.ktor/ktor-server-double-receive-jvm/2.0.0-beta-1/5d371ca5daf5929db0ade3c3ab743f3c9314b01c/ktor-server-double-receive-jvm-2.0.0-beta-1.jar!/io, file:/Users/martial/.gradle/caches/modules-2/files-2.1/io.ktor/ktor-server-forwarded-header-jvm/2.0.0-beta-1/6ea5817d78b15019c66097b124adc60dc62aed56/ktor-server-forwarded-header-jvm-2.0.0-beta-1.jar!/io, file:/Users/martial/.gradle/caches/modules-2/files-2.1/io.ktor/ktor-server-hsts-jvm/2.0.0-beta-1/3719d2ed1b5e7c84cdc184a15e5f11759c314e64/ktor-server-hsts-jvm-2.0.0-beta-1.jar!/io, file:/Users/martial/.gradle/caches/modules-2/files-2.1/io.ktor/ktor-server-http-redirect-jvm/2.0.0-beta-1/49c000af21065f1de6e987ad6e3a5ed87a1f7b3f/ktor-server-http-redirect-jvm-2.0.0-beta-1.jar!/io, file:/Users/martial/.gradle/caches/modules-2/files-2.1/io.ktor/ktor-server-sessions-jvm/2.0.0-beta-1/ab8f6142c0ee59b42df8253f651a6f5a809f070e/ktor-server-sessions-jvm-2.0.0-beta-1.jar!/io, file:/Users/martial/.gradle/caches/modules-2/files-2.1/io.ktor/ktor-server-status-pages-jvm/2.0.0-beta-1/4d3fe6841f60ca4f803f86b03d48644e35289f82/ktor-server-status-pages-jvm-2.0.0-beta-1.jar!/io, file:/Users/martial/.gradle/caches/modules-2/files-2.1/io.ktor/ktor-server-method-override-jvm/2.0.0-beta-1/656fa7526eee6f998a54e5499d1f9ce829af504c/ktor-server-method-override-jvm-2.0.0-beta-1.jar!/io, file:/Users/martial/.gradle/caches/modules-2/files-2.1/io.ktor/ktor-server-websockets-jvm/2.0.0-beta-1/de4e12b1ab750b9b1ebcbf9f6f672b93e4c0889f/ktor-server-websockets-jvm-2.0.0-beta-1.jar!/io, file:/Users/martial/.gradle/caches/modules-2/files-2.1/io.ktor/ktor-server-core-jvm/2.0.0-beta-1/79d0b50ac0e70e786cf1b47879b71f51538f50e4/ktor-server-core-jvm-2.0.0-beta-1.jar!/io, file:/Users/martial/.gradle/caches/modules-2/files-2.1/io.ktor/ktor-serialization-jackson-jvm/2.0.0-beta-1/d903e0c21a2e6de10f61149c99d4b7c1c6a7896c/ktor-serialization-jackson-jvm-2.0.0-beta-1.jar!/io, file:/Users/martial/.gradle/caches/modules-2/files-2.1/io.ktor/ktor-client-jetty-jvm/2.0.0-beta-1/5225d404ca4cb79f26be9b9739543dd2f08f15d4/ktor-client-jetty-jvm-2.0.0-beta-1.jar!/io, file:/Users/martial/.gradle/caches/modules-2/files-2.1/io.ktor/ktor-client-cio-jvm/2.0.0-beta-1/692f40b78f8ba9346a5941745224cb52d164e55f/ktor-client-cio-jvm-2.0.0-beta-1.jar!/io, file:/Users/martial/.gradle/caches/modules-2/files-2.1/io.ktor/ktor-client-core-jvm/2.0.0-beta-1/bb128f296adb801ce147c659bd04b78f344e44a/ktor-client-core-jvm-2.0.0-beta-1.jar!/io, file:/Users/martial/.gradle/caches/modules-2/files-2.1/io.ktor/ktor-websocket-serialization-jvm/2.0.0-beta-1/336aaedbbb441214abf2a8e781b7db33c9b70834/ktor-websocket-serialization-jvm-2.0.0-beta-1.jar!/io, file:/Users/martial/.gradle/caches/modules-2/files-2.1/io.ktor/ktor-serialization-jvm/2.0.0-beta-1/21f8d6359bb731811ec7c4a6c3d3579e31ba623e/ktor-serialization-jvm-2.0.0-beta-1.jar!/io, file:/Users/martial/.gradle/caches/modules-2/files-2.1/io.ktor/ktor-websockets-jvm/2.0.0-beta-1/172d4a0938e748519e9896c1103648c4d7e05588/ktor-websockets-jvm-2.0.0-beta-1.jar!/io, file:/Users/martial/.gradle/caches/modules-2/files-2.1/io.ktor/ktor-network-tls-certificates-jvm/2.0.0-beta-1/43c85313da687daa5d88eba4bc63ca9b1f034d6/ktor-network-tls-certificates-jvm-2.0.0-beta-1.jar!/io, file:/Users/martial/.gradle/caches/modules-2/files-2.1/io.ktor/ktor-events-jvm/2.0.0-beta-1/eff42e202ed043cd3291724958a121754a876f18/ktor-events-jvm-2.0.0-beta-1.jar!/io, file:/Users/martial/.gradle/caches/modules-2/files-2.1/io.ktor/ktor-http-cio-jvm/2.0.0-beta-1/22fa88eb44836c512b10c3b349d0ab86e547402f/ktor-http-cio-jvm-2.0.0-beta-1.jar!/io, file:/Users/martial/.gradle/caches/modules-2/files-2.1/io.ktor/ktor-http-jvm/2.0.0-beta-1/33011fb951bfb8dd916ed6034feb0b23ae93ed39/ktor-http-jvm-2.0.0-beta-1.jar!/io, file:/Users/martial/.gradle/caches/modules-2/files-2.1/io.ktor/ktor-network-tls-jvm/2.0.0-beta-1/e60f598e4a2e8bfb5279d75104014ab1f0e4bde2/ktor-network-tls-jvm-2.0.0-beta-1.jar!/io, file:/Users/martial/.gradle/caches/modules-2/files-2.1/io.ktor/ktor-network-jvm/2.0.0-beta-1/c8bb17bb4db20f145869b25b8285a7d87756d882/ktor-network-jvm-2.0.0-beta-1.jar!/io, file:/Users/martial/.gradle/caches/modules-2/files-2.1/io.ktor/ktor-utils-jvm/2.0.0-beta-1/fcffc6fb7e82df1aaad51fbfb5bd3b406e29887f/ktor-utils-jvm-2.0.0-beta-1.jar!/io, file:/Users/martial/.gradle/caches/modules-2/files-2.1/io.ktor/ktor-io-jvm/2.0.0-beta-1/61831e7b11475c430fcf74e21dad3b875edb9d35/ktor-io-jvm-2.0.0-beta-1.jar!/io, file:/Users/martial/.gradle/caches/modules-2/files-2.1/com.fasterxml.jackson.core/jackson-databind/2.12.3/d6153f8fc60c479ab0f9efb35c034526436a4953/jackson-databind-2.12.3.jar!/com, file:/Users/martial/.gradle/caches/modules-2/files-2.1/com.fasterxml.jackson.core/jackson-annotations/2.12.3/7275513412694a1aafd08c0287f48469fa0e6e17/jackson-annotations-2.12.3.jar!/com, file:/Users/martial/.gradle/caches/modules-2/files-2.1/com.fasterxml.jackson.core/jackson-core/2.12.3/deb23fe2a7f2b773e18ced2b50d4acc1df8fa366/jackson-core-2.12.3.jar!/com, file:/Users/martial/.gradle/caches/modules-2/files-2.1/com.fasterxml.jackson.module/jackson-module-kotlin/2.12.3/c8da7d998ed2e9253e62fdf15d1112c54b3ce6db/jackson-module-kotlin-2.12.3.jar!/com, file:/Users/martial/.gradle/caches/modules-2/files-2.1/com.typesafe/config/1.3.1/2cf7a6cc79732e3bdf1647d7404279900ca63eb0/config-1.3.1.jar!/com, file:/Users/martial/.gradle/caches/modules-2/files-2.1/net.java.dev.jna/jna-platform/5.9.0/c535a5bda553d7d7690356c825010da74b2671b5/jna-platform-5.9.0.jar!/com, file:/Users/martial/.gradle/caches/modules-2/files-2.1/net.java.dev.jna/jna/5.9.0/8f503e6d9b500ceff299052d6be75b38c7257758/jna-5.9.0.jar!/com, file:/Users/martial/.gradle/caches/modules-2/files-2.1/org.jetbrains.kotlinx/kotlinx-coroutines-jdk8/1.5.2-native-mt/d69f81952deecb5b523eec050ee1b5481bba482c/kotlinx-coroutines-jdk8-1.5.2-native-mt.jar!/kotlinx, file:/Users/martial/.gradle/caches/modules-2/files-2.1/org.jetbrains.kotlinx/kotlinx-coroutines-core-jvm/1.5.2-native-mt/26a9506d10d933615533c703483cec0a5c13a9f3/kotlinx-coroutines-core-jvm-1.5.2-native-mt.jar!/kotlinx, file:/Users/martial/.gradle/caches/modules-2/files-2.1/org.jetbrains.kotlinx/kotlinx-coroutines-debug/1.5.2-native-mt/de33195359624753fe4b58754ee696f21bec2226/kotlinx-coroutines-debug-1.5.2-native-mt.jar!/kotlinx, file:/Users/martial/.gradle/caches/modules-2/files-2.1/org.jetbrains.kotlin/kotlin-stdlib-jdk8/1.6.10/e80fe6ac3c3573a80305f5ec43f86b829e8ab53d/kotlin-stdlib-jdk8-1.6.10.jar!/kotlin/, file:/Users/martial/.gradle/caches/modules-2/files-2.1/org.jetbrains.kotlin/kotlin-test-junit/1.6.10/7723f4362f824bf5fabef0ad213d188d2be8d937/kotlin-test-junit-1.6.10.jar!/kotlin/, file:/Users/martial/.gradle/caches/modules-2/files-2.1/org.jetbrains.kotlin/kotlin-stdlib-jdk7/1.6.10/e1c380673654a089c4f0c9f83d0ddfdc1efdb498/kotlin-stdlib-jdk7-1.6.10.jar!/kotlin/, file:/Users/martial/.gradle/caches/modules-2/files-2.1/org.jetbrains.kotlin/kotlin-test/1.6.10/59bace81228ddb06ac0dc81bd3a554bb19799715/kotlin-test-1.6.10.jar!/kotlin/, file:/Users/martial/.gradle/caches/modules-2/files-2.1/org.jetbrains.kotlin/kotlin-reflect/1.6.0/a215a7f914d5916dc5fd2d45cea16524e0220203/kotlin-reflect-1.6.0.jar!/META-INF/versions/9/kotlin/, file:/Users/martial/.gradle/caches/modules-2/files-2.1/org.jetbrains.kotlin/kotlin-stdlib/1.6.10/b8af3fe6f1ca88526914929add63cf5e7c5049af/kotlin-stdlib-1.6.10.jar!/kotlin/, file:/Users/martial/.gradle/caches/modules-2/files-2.1/org.jetbrains.kotlin/kotlin-stdlib-common/1.6.10/c118700e3a33c8a0d9adc920e9dec0831171925/kotlin-stdlib-common-1.6.10.jar!/kotlin, /Users/martial/Documents/workspace/zigwheelo/server/build/classes/kotlin/test/fr/racomach, /Users/martial/Documents/workspace/zigwheelo/server/build/classes/kotlin/main/fr/racomach, /Users/martial/Documents/workspace/zigwheelo/server/build/classes/kotlin/test/, /Users/martial/Documents/workspace/zigwheelo/server/build/classes/kotlin/main/, /Users/martial/Documents/workspace/zigwheelo/server/build/resources/main/]
2022-01-28 14:50:40.047 [Test worker] DEBUG ktor.test - Watching /Users/martial/Documents/workspace/zigwheelo/server/build/classes/kotlin/main for changes.
2022-01-28 14:50:40.048 [Test worker] DEBUG ktor.test - Watching /Users/martial/Documents/workspace/zigwheelo/server/build/classes/kotlin/main/fr/racomach for changes.
2022-01-28 14:50:40.048 [Test worker] DEBUG ktor.test - Watching /Users/martial/Documents/workspace/zigwheelo/server/build/classes/kotlin/test/fr for changes.
2022-01-28 14:50:40.048 [Test worker] DEBUG ktor.test - Watching /Users/martial/Documents/workspace/zigwheelo/server/build/classes/kotlin/test/META-INF for changes.
2022-01-28 14:50:40.048 [Test worker] DEBUG ktor.test - Watching /Users/martial/Documents/workspace/zigwheelo/server/build/classes/kotlin/main/fr/racomach/plugins for changes.
2022-01-28 14:50:40.048 [Test worker] DEBUG ktor.test - Watching /Users/martial/Documents/workspace/zigwheelo/server/build/classes/kotlin/test/fr/racomach for changes.
2022-01-28 14:50:40.048 [Test worker] DEBUG ktor.test - Watching /Users/martial/Documents/workspace/zigwheelo/server/build/classes/kotlin/main/fr for changes.
2022-01-28 14:50:40.048 [Test worker] DEBUG ktor.test - Watching /Users/martial/Documents/workspace/zigwheelo/server/build/classes/kotlin/test for changes.
2022-01-28 14:50:40.048 [Test worker] DEBUG ktor.test - Watching /Users/martial/Documents/workspace/zigwheelo/server/build/resources/main for changes.
2022-01-28 14:50:40.048 [Test worker] DEBUG ktor.test - Watching /Users/martial/Documents/workspace/zigwheelo/server/build/classes/kotlin/main/META-INF for changes.
2022-01-28 14:50:40.061 [Test worker] INFO  ktor.test - Application auto-reloaded in 0.005 seconds.
]]></system-out>
  <system-err><![CDATA[]]></system-err>
</testsuite>
